<?xml version="1.0" encoding="UTF-8"?>
<!-- Generated by org.testng.reporters.JUnitReportReporter -->
<testsuite hostname="Deburupa" failures="0" tests="1" name="contactTests.CreateContactTest" time="58.964" errors="0" timestamp="2023-10-31T10:55:40 IST" skipped="0">
  <testcase classname="contactTests.CreateContactTest" name="CreateContactTest" time="58.964"/>
  <system-out/>
</testsuite> <!-- contactTests.CreateContactTest -->
