<?xml version="1.0" encoding="UTF-8"?>
<!-- Generated by org.testng.reporters.JUnitReportReporter -->
<testsuite hostname="Deburupa" failures="0" tests="3" name="practice.TestNGPractice1" time="0.013" errors="0" timestamp="2023-10-25T11:03:41 IST" skipped="1">
  <testcase classname="practice.TestNGPractice1" name="deleteCustomer" time="0.011"/>
  <system-out/>
  <testcase classname="practice.TestNGPractice1" name="modifycustomer" time="0.002"/>
  <system-out/>
  <testcase classname="practice.TestNGPractice1" name="createCustomer">
    <skipped/>
  </testcase> <!-- createCustomer -->
  <system-out/>
</testsuite> <!-- practice.TestNGPractice1 -->
