<?xml version="1.0" encoding="UTF-8"?>
<!-- Generated by org.testng.reporters.JUnitReportReporter -->
<testsuite hostname="Deburupa" failures="0" tests="3" name="practice.TestNGPractice" time="0.015" errors="0" timestamp="2023-10-25T10:23:28 IST" skipped="0">
  <testcase classname="practice.TestNGPractice" name="deleteCustomer" time="0.012"/>
  <system-out/>
  <testcase classname="practice.TestNGPractice" name="cretaeCustomer" time="0.002"/>
  <system-out/>
  <testcase classname="practice.TestNGPractice" name="modifycustomer" time="0.001"/>
  <system-out/>
</testsuite> <!-- practice.TestNGPractice -->
